<?xml version="1.0" encoding="UTF-8"?>
<!-- Generated by org.testng.reporters.JUnitReportReporter -->
<testsuite hostname="DESKTOP-TJM23M0" failures="0" tests="2" name="runner.TestRunner" time="42.265" errors="0" timestamp="2022-01-08T23:42:18 EET" skipped="0">
  <testcase classname="runner.TestRunner" name="runScenario" time="12.933"/>
  <system-out/>
  <testcase classname="runner.TestRunner" name="runScenario" time="29.332"/>
  <system-out/>
</testsuite> <!-- runner.TestRunner -->
